#
# There is insufficient memory for the Java Runtime Environment to continue.
# Native memory allocation (mmap) failed to map 132120576 bytes for Failed to commit area from 0x00000000e0000000 to 0x00000000e7e00000 of length 132120576.
# Possible reasons:
#   The system is out of physical RAM or swap space
#   The process is running with CompressedOops enabled, and the Java Heap may be blocking the growth of the native heap
# Possible solutions:
#   Reduce memory load on the system
#   Increase physical memory or swap space
#   Check if swap backing store is full
#   Decrease Java heap size (-Xmx/-Xms)
#   Decrease number of Java threads
#   Decrease Java thread stack sizes (-Xss)
#   Set larger code cache with -XX:ReservedCodeCacheSize=
# This output file may be truncated or incomplete.
#
#  Out of Memory Error (./open/src/hotspot/os/windows/os_windows.cpp:3273), pid=10028, tid=10928
#
# JRE version:  (11.0.10+8) (build )
# Java VM: Java HotSpot(TM) 64-Bit Server VM (11.0.10+8-LTS-162, mixed mode, sharing, tiered, compressed oops, g1 gc, windows-amd64)
# No core dump will be written. Minidumps are not enabled by default on client versions of Windows
#

---------------  S U M M A R Y ------------

Command Line: -XX:TieredStopAtLevel=1 -Xverify:none -Dspring.output.ansi.enabled=always -javaagent:F:\IntelliJ IDEA 2021.1.1\lib\idea_rt.jar=51256:F:\IntelliJ IDEA 2021.1.1\bin -Dcom.sun.management.jmxremote -Dspring.jmx.enabled=true -Dspring.liveBeansView.mbeanDomain -Dspring.application.admin.enabled=true -Dfile.encoding=UTF-8 -Xmx512M tech.getarrays.employeemanager.EmployeeManagerAppApplication

Host: Intel(R) Core(TM) i7-7500U CPU @ 2.70GHz, 4 cores, 7G,  Windows 10 , 64 bit Build 19041 (10.0.19041.928)
Time: Thu May 20 14:12:08 2021 E. Africa Standard Time elapsed time: 0.025217 seconds (0d 0h 0m 0s)

---------------  T H R E A D  ---------------

Current thread (0x000001792cb28800):  JavaThread "Unknown thread" [_thread_in_vm, id=10928, stack(0x00000022fdf00000,0x00000022fe000000)]

Stack: [0x00000022fdf00000,0x00000022fe000000]
Native frames: (J=compiled Java code, j=interpreted, Vv=VM code, C=native code)
V  [jvm.dll+0x613e6a]
V  [jvm.dll+0x74c1ff]
V  [jvm.dll+0x74d885]
V  [jvm.dll+0x74df03]
V  [jvm.dll+0x243b78]
V  [jvm.dll+0x61125a]
V  [jvm.dll+0x606165]
V  [jvm.dll+0x2f85fc]
V  [jvm.dll+0x2f8482]
V  [jvm.dll+0x2fd136]
V  [jvm.dll+0x33f6bf]
V  [jvm.dll+0x33f0f0]
V  [jvm.dll+0x2d5d08]
V  [jvm.dll+0x2d6e66]
V  [jvm.dll+0x727d17]
V  [jvm.dll+0x7295bf]
V  [jvm.dll+0x34c4a9]
V  [jvm.dll+0x70d6b0]
V  [jvm.dll+0x3b584f]
V  [jvm.dll+0x3b7951]
C  [jli.dll+0x520b]
C  [ucrtbase.dll+0x21bb2]
C  [KERNEL32.DLL+0x17034]
C  [ntdll.dll+0x52651]


---------------  P R O C E S S  ---------------

Threads class SMR info:
_java_thread_list=0x000001792aa0cc90, length=0, elements={
}

Java Threads: ( => current thread )

Other Threads:
  0x000001792cb3e800 GCTaskThread "GC Thread#0" [stack: 0x00000022fe000000,0x00000022fe100000] [id=780]
  0x000001792cb4f000 ConcurrentGCThread "G1 Main Marker" [stack: 0x00000022fe100000,0x00000022fe200000] [id=11664]
  0x000001792cb51800 ConcurrentGCThread "G1 Conc#0" [stack: 0x00000022fe200000,0x00000022fe300000] [id=7684]

[error occurred during error reporting (printing all threads), id 0xc0000005, EXCEPTION_ACCESS_VIOLATION (0xc0000005) at pc=0x00007ffd29144f57]

VM state:not at safepoint (not fully initialized)

VM Mutex/Monitor currently owned by a thread:  ([mutex/lock_event])
[0x000001792cb26540] Heap_lock - owner thread: 0x000001792cb28800

Heap address: 0x00000000e0000000, size: 512 MB, Compressed Oops mode: Non-zero based: 0x00000000e0000000
Narrow klass base: 0x0000000000000000, Narrow klass shift: 0

GC Heap History (0 events):
No events

Deoptimization events (0 events):
No events

Classes redefined (0 events):
No events

Internal exceptions (0 events):
No events

Events (0 events):
No events


Dynamic libraries:
0x00007ff7a03b0000 - 0x00007ff7a03bf000 	C:\Program Files\Java\jdk-11.0.10\bin\java.exe
0x00007ffd667b0000 - 0x00007ffd669a5000 	C:\WINDOWS\SYSTEM32\ntdll.dll
0x00007ffd64bd0000 - 0x00007ffd64c8d000 	C:\WINDOWS\System32\KERNEL32.DLL
0x00007ffd641b0000 - 0x00007ffd64478000 	C:\WINDOWS\System32\KERNELBASE.dll
0x00007ffd644b0000 - 0x00007ffd645b0000 	C:\WINDOWS\System32\ucrtbase.dll
0x00007ffd447c0000 - 0x00007ffd447d8000 	C:\Program Files\Java\jdk-11.0.10\bin\jli.dll
0x00007ffd658e0000 - 0x00007ffd6598c000 	C:\WINDOWS\System32\ADVAPI32.dll
0x00007ffd648f0000 - 0x00007ffd6498e000 	C:\WINDOWS\System32\msvcrt.dll
0x00007ffd64a10000 - 0x00007ffd64aab000 	C:\WINDOWS\System32\sechost.dll
0x00007ffd65a00000 - 0x00007ffd65b2b000 	C:\WINDOWS\System32\RPCRT4.dll
0x00007ffd65da0000 - 0x00007ffd65f40000 	C:\WINDOWS\System32\USER32.dll
0x00007ffd64480000 - 0x00007ffd644a2000 	C:\WINDOWS\System32\win32u.dll
0x00007ffd65b30000 - 0x00007ffd65b5a000 	C:\WINDOWS\System32\GDI32.dll
0x00007ffd64600000 - 0x00007ffd6470b000 	C:\WINDOWS\System32\gdi32full.dll
0x00007ffd64770000 - 0x00007ffd6480d000 	C:\WINDOWS\System32\msvcp_win.dll
0x00007ffd44ae0000 - 0x00007ffd44af5000 	C:\Program Files\Java\jdk-11.0.10\bin\VCRUNTIME140.dll
0x00007ffd52b60000 - 0x00007ffd52dfa000 	C:\WINDOWS\WinSxS\amd64_microsoft.windows.common-controls_6595b64144ccf1df_6.0.19041.844_none_ca00b6081b84eb1d\COMCTL32.dll
0x00007ffd5e860000 - 0x00007ffd5e86a000 	C:\WINDOWS\SYSTEM32\VERSION.dll
0x00007ffd648c0000 - 0x00007ffd648f0000 	C:\WINDOWS\System32\IMM32.DLL
0x00007ffd41370000 - 0x00007ffd4140b000 	C:\Program Files\Java\jdk-11.0.10\bin\msvcp140.dll
0x00007ffd28e60000 - 0x00007ffd2995b000 	C:\Program Files\Java\jdk-11.0.10\bin\server\jvm.dll
0x00007ffd65610000 - 0x00007ffd65618000 	C:\WINDOWS\System32\PSAPI.DLL
0x00007ffd4cda0000 - 0x00007ffd4cda9000 	C:\WINDOWS\SYSTEM32\WSOCK32.dll
0x00007ffd65990000 - 0x00007ffd659fb000 	C:\WINDOWS\System32\WS2_32.dll
0x00007ffd51570000 - 0x00007ffd51597000 	C:\WINDOWS\SYSTEM32\WINMM.dll
0x00007ffd62810000 - 0x00007ffd62822000 	C:\WINDOWS\SYSTEM32\kernel.appcore.dll
0x00007ffd4e7e0000 - 0x00007ffd4e7f0000 	C:\Program Files\Java\jdk-11.0.10\bin\verify.dll
0x00007ffd62490000 - 0x00007ffd62674000 	C:\WINDOWS\SYSTEM32\DBGHELP.DLL
0x00007ffd477a0000 - 0x00007ffd477cc000 	C:\WINDOWS\SYSTEM32\dbgcore.DLL
0x00007ffd63ef0000 - 0x00007ffd63f70000 	C:\WINDOWS\System32\bcryptPrimitives.dll
0x00007ffd41000000 - 0x00007ffd41028000 	C:\Program Files\Java\jdk-11.0.10\bin\java.dll
0x00007ffd4d670000 - 0x00007ffd4d67a000 	C:\Program Files\Java\jdk-11.0.10\bin\jimage.dll
0x00007ffd5e710000 - 0x00007ffd5e71e000 	C:\Program Files\Java\jdk-11.0.10\bin\instrument.dll
0x00007ffd415e0000 - 0x00007ffd415f6000 	C:\Program Files\Java\jdk-11.0.10\bin\zip.dll

dbghelp: loaded successfully - version: 4.0.5 - missing functions: none
symbol engine: initialized successfully - sym options: 0x614 - pdb path: .;C:\Program Files\Java\jdk-11.0.10\bin;C:\WINDOWS\SYSTEM32;C:\WINDOWS\WinSxS\amd64_microsoft.windows.common-controls_6595b64144ccf1df_6.0.19041.844_none_ca00b6081b84eb1d;C:\Program Files\Java\jdk-11.0.10\bin\server

VM Arguments:
jvm_args: -XX:TieredStopAtLevel=1 -Xverify:none -Dspring.output.ansi.enabled=always -javaagent:F:\IntelliJ IDEA 2021.1.1\lib\idea_rt.jar=51256:F:\IntelliJ IDEA 2021.1.1\bin -Dcom.sun.management.jmxremote -Dspring.jmx.enabled=true -Dspring.liveBeansView.mbeanDomain -Dspring.application.admin.enabled=true -Dfile.encoding=UTF-8 -Xmx512M 
java_command: tech.getarrays.employeemanager.EmployeeManagerAppApplication
java_class_path (initial): F:\employeemanager\build\classes\java\main;F:\employeemanager\build\resources\main;C:\Users\mitch\.gradle\caches\modules-2\files-2.1\org.springframework.boot\spring-boot-starter-data-jpa\2.3.10.RELEASE\26c972f161ed23acbc8c8a6171ca51ebd9966a6f\spring-boot-starter-data-jpa-2.3.10.RELEASE.jar;C:\Users\mitch\.gradle\caches\modules-2\files-2.1\org.springframework.boot\spring-boot-starter-web\2.3.10.RELEASE\a6befb9e63f3f3c6c6d79f7d72d91dbe5b87442c\spring-boot-starter-web-2.3.10.RELEASE.jar;C:\Users\mitch\.gradle\caches\modules-2\files-2.1\org.projectlombok\lombok\1.18.18\481f5bfed3ae29f656eedfe9e98c8365b8ba5c57\lombok-1.18.18.jar;C:\Users\mitch\.gradle\caches\modules-2\files-2.1\org.springframework.boot\spring-boot-starter-aop\2.3.10.RELEASE\27b4e9a0ba2713b6beb50d34c49c40a68c749ca3\spring-boot-starter-aop-2.3.10.RELEASE.jar;C:\Users\mitch\.gradle\caches\modules-2\files-2.1\org.springframework.boot\spring-boot-starter-jdbc\2.3.10.RELEASE\9ff72cf81d707375af634b04fe91e27426a2bee2\spring-boot-starter-jdbc-2.3.10.RELEASE.jar;C:\Users\mitch\.gradle\caches\modules-2\files-2.1\jakarta.transaction\jakarta.transaction-api\1.3.3\c4179d48720a1e87202115fbed6089bdc4195405\jakarta.transaction-api-1.3.3.jar;C:\Users\mitch\.gradle\caches\modules-2\files-2.1\jakarta.persistence\jakarta.persistence-api\2.2.3\8f6ea5daedc614f07a3654a455660145286f024e\jakarta.persistence-api-2.2.3.jar;C:\Users\mitch\.gradle\caches\modules-2\files-2.1\org.hibernate\hibernate-core\5.4.30.Final\cc01edcad99375a595ab1b22933857d552684e11\hibernate-core-5.4.30.Final.jar;C:\Users\mitch\.gradle\caches\modules-2\files-2.1\org.springframework.data\spring-data-jpa\2.3.9.RELEASE\9b3b30140f051afee6369685cb3519c1506bb8bd\spring-data-jpa-2.3.9.RELEASE.jar;C:\Users\mitch\.gradle\caches\modules-2\files-2.1\org.springframework\spring-aspects\5.2.14.RELEASE\ffb29bdec387d418263fa909afc0550384b8595b\spring-aspects-5.2.14.RELEASE.jar;C:\Users\mitch\.gradle\caches\modules-2\files-2.1\org.springframework.b
Launcher Type: SUN_STANDARD

[Global flags]
     bool BytecodeVerificationLocal                = false                                     {product} {command line}
     bool BytecodeVerificationRemote               = false                                     {product} {command line}
     intx CICompilerCount                          = 3                                         {product} {ergonomic}
     uint ConcGCThreads                            = 1                                         {product} {ergonomic}
     uint G1ConcRefinementThreads                  = 4                                         {product} {ergonomic}
   size_t G1HeapRegionSize                         = 1048576                                   {product} {ergonomic}
    uintx GCDrainStackTargetSize                   = 64                                        {product} {ergonomic}
   size_t InitialHeapSize                          = 132120576                                 {product} {ergonomic}
     bool ManagementServer                         = true                                      {product} {command line}
   size_t MarkStackSize                            = 4194304                                   {product} {ergonomic}
   size_t MaxHeapSize                              = 536870912                                 {product} {command line}
   size_t MinHeapDeltaBytes                        = 1048576                                   {product} {ergonomic}
    uintx NonNMethodCodeHeapSize                   = 6973028                                {pd product} {ergonomic}
    uintx NonProfiledCodeHeapSize                  = 244685212                              {pd product} {ergonomic}
    uintx ProfiledCodeHeapSize                     = 0                                      {pd product} {ergonomic}
    uintx ReservedCodeCacheSize                    = 251658240                              {pd product} {ergonomic}
     bool SegmentedCodeCache                       = true                                      {product} {ergonomic}
     intx TieredStopAtLevel                        = 1                                         {product} {command line}
     bool UseCompressedClassPointers               = true                                 {lp64_product} {ergonomic}
     bool UseCompressedOops                        = true                                 {lp64_product} {ergonomic}
     bool UseG1GC                                  = true                                      {product} {ergonomic}
     bool UseLargePagesIndividualAllocation        = false                                  {pd product} {ergonomic}

Logging:
Log output configuration:
 #0: stdout all=warning uptime,level,tags
 #1: stderr all=off uptime,level,tags

Environment Variables:
JAVA_HOME=C:\Program Files\Java\jdk-11.0.10
_JAVA_OPTIONS=-Xmx512M
PATH=C:\Program Files\Common Files\Oracle\Java\javapath;C:\Program Files (x86)\Common Files\Oracle\Java\javapath;C:\WINDOWS\system32;C:\WINDOWS;C:\WINDOWS\System32\Wbem;C:\WINDOWS\System32\WindowsPowerShell\v1.0\;C:\WINDOWS\System32\OpenSSH\;F:\Git\cmd;C:\Program Files\apache-maven-3.8.1\bin;C:\Program Files\Java\jdk-11.0.10\bin;C:\Users\mitch\AppData\Local\Programs\Python\Python38-32;C:\ProgramData\Microsoft\Windows\Start Menu\Programs\Anaconda3 (64-bit);C:\Users\mitch\AppData\Local\Microsoft\WindowsApps;F:\Microsoft VS Code\bin;C:\MinGW\bin;C:\MinGW\bin\g++.exe;F:\flutter\bin;C:\Users\mitch\AppData\Local\GitHubDesktop\bin;F:\geckodriver;C:\Program Files (x86)\geckodriver.exe;C:\Program Files\Java\jdk-11.0.10\bin;C:\Program Files\apache-maven-3.8.1\bin;F:\spring-boot-cli-1.3.0.RELEASE-bin\spring-1.3.0.RELEASE\bin;C:\Gradle\gradle-7.0\bin;;F:\IntelliJ IDEA 2021.1.1\bin;
USERNAME=mitch
OS=Windows_NT
PROCESSOR_IDENTIFIER=Intel64 Family 6 Model 142 Stepping 9, GenuineIntel



---------------  S Y S T E M  ---------------

OS: Windows 10 , 64 bit Build 19041 (10.0.19041.928)

CPU:total 4 (initial active 4) (2 cores per cpu, 2 threads per core) family 6 model 142 stepping 9 microcode 0xde, cmov, cx8, fxsr, mmx, sse, sse2, sse3, ssse3, sse4.1, sse4.2, popcnt, avx, avx2, aes, clmul, erms, 3dnowpref, lzcnt, ht, tsc, tscinvbit, bmi1, bmi2, adx, fma

Memory: 4k page, system-wide physical 8043M (928M free)
TotalPageFile size 32619M (AvailPageFile size 111M)
current process WorkingSet (physical memory assigned to process): 10M, peak: 10M
current process commit charge ("private bytes"): 48M, peak: 174M

vm_info: Java HotSpot(TM) 64-Bit Server VM (11.0.10+8-LTS-162) for windows-amd64 JRE (11.0.10+8-LTS-162), built on Dec  8 2020 16:32:57 by "mach5one" with MS VC++ 15.9 (VS2017)

END.
